out/groundsdk-android/gradle/sdkcore/intermediates/manifest_merge_blame_file/debug/manifest-merger-blame-debug-report.txt
1<?xml version="1.0" encoding="utf-8"?>
2<!--
3  ~     Copyright (C) 2019 Parrot Drones SAS
4  ~
5  ~     Redistribution and use in source and binary forms, with or without
6  ~     modification, are permitted provided that the following conditions
7  ~     are met:
8  ~     * Redistributions of source code must retain the above copyright
9  ~       notice, this list of conditions and the following disclaimer.
10  ~     * Redistributions in binary form must reproduce the above copyright
11  ~       notice, this list of conditions and the following disclaimer in
12  ~       the documentation and/or other materials provided with the
13  ~       distribution.
14  ~     * Neither the name of the Parrot Company nor the names
15  ~       of its contributors may be used to endorse or promote products
16  ~       derived from this software without specific prior written
17  ~       permission.
18  ~
19  ~     THIS SOFTWARE IS PROVIDED BY THE COPYRIGHT HOLDERS AND CONTRIBUTORS
20  ~     "AS IS" AND ANY EXPRESS OR IMPLIED WARRANTIES, INCLUDING, BUT NOT
21  ~     LIMITED TO, THE IMPLIED WARRANTIES OF MERCHANTABILITY AND FITNESS
22  ~     FOR A PARTICULAR PURPOSE ARE DISCLAIMED. IN NO EVENT SHALL THE
23  ~     PARROT COMPANY BE LIABLE FOR ANY DIRECT, INDIRECT,
24  ~     INCIDENTAL, SPECIAL, EXEMPLARY, OR CONSEQUENTIAL DAMAGES (INCLUDING,
25  ~     BUT NOT LIMITED TO, PROCUREMENT OF SUBSTITUTE GOODS OR SERVICES; LOSS
26  ~     OF USE, DATA, OR PROFITS; OR BUSINESS INTERRUPTION) HOWEVER CAUSED
27  ~     AND ON ANY THEORY OF LIABILITY, WHETHER IN CONTRACT, STRICT LIABILITY,
28  ~     OR TORT (INCLUDING NEGLIGENCE OR OTHERWISE) ARISING IN ANY WAY OUT
29  ~     OF THE USE OF THIS SOFTWARE, EVEN IF ADVISED OF THE POSSIBILITY OF
30  ~     SUCH DAMAGE.
31  ~
32-->
33<manifest xmlns:android="http://schemas.android.com/apk/res/android"
34    xmlns:tools="http://schemas.android.com/tools"
35    package="com.parrot.drone.groundsdk.sdkcore"
36    android:versionCode="1"
37    android:versionName="0.0.0" >
38
39    <uses-sdk
40        android:minSdkVersion="24"
40-->src/main/AndroidManifest.xml
41        android:targetSdkVersion="29" />
41-->src/main/AndroidManifest.xml
42
43    <uses-permission android:name="android.permission.INTERNET" />
43-->src/main/AndroidManifest.xml:40:5-66
43-->src/main/AndroidManifest.xml:40:22-64
44    <uses-permission android:name="android.permission.BLUETOOTH" />
44-->src/main/AndroidManifest.xml:41:5-67
44-->src/main/AndroidManifest.xml:41:22-65
45    <uses-permission android:name="android.permission.BLUETOOTH_ADMIN" />
45-->src/main/AndroidManifest.xml:42:5-73
45-->src/main/AndroidManifest.xml:42:22-71
46    <uses-permission android:name="android.permission.ACCESS_COARSE_LOCATION" />
46-->src/main/AndroidManifest.xml:43:5-80
46-->src/main/AndroidManifest.xml:43:22-78
47    <uses-permission android:name="android.permission.ACCESS_NETWORK_STATE" />
47-->src/main/AndroidManifest.xml:44:5-78
47-->src/main/AndroidManifest.xml:44:22-76
48    <uses-permission android:name="android.permission.ACCESS_WIFI_STATE" />
48-->src/main/AndroidManifest.xml:45:5-75
48-->src/main/AndroidManifest.xml:45:22-73
49    <uses-permission android:name="android.permission.WAKE_LOCK" />
49-->src/main/AndroidManifest.xml:46:5-67
49-->src/main/AndroidManifest.xml:46:22-65
50    <uses-permission android:name="android.permission.CHANGE_WIFI_MULTICAST_STATE" />
50-->src/main/AndroidManifest.xml:47:5-85
50-->src/main/AndroidManifest.xml:47:22-83
51    <uses-permission android:name="android.permission.WRITE_EXTERNAL_STORAGE" />
51-->src/main/AndroidManifest.xml:48:5-80
51-->src/main/AndroidManifest.xml:48:22-78
52
53    <application tools:ignore="GoogleAppIndexingWarning" />
53-->src/main/AndroidManifest.xml:50:5-59
53-->src/main/AndroidManifest.xml:50:18-57
54
55</manifest>